[    0.000000] Linux version 4.15.0-212-generic (buildd@lcy02-amd64-083) (gcc version 7.5.0 (Ubuntu 7.5.0-3ubuntu1~18.04)) #223-Ubuntu SMP Tue May 23 13:09:22 UTC 2023 (Ubuntu 4.15.0-212.223-generic 4.15.18)
[    0.000000] Command line: BOOT_IMAGE=/boot/vmlinuz-4.15.0-212-generic root=LABEL=cloudimg-rootfs ro console=tty1 console=ttyS0
[    0.000000] KERNEL supported cpus:
[    0.000000]   Intel GenuineIntel
[    0.000000]   AMD AuthenticAMD
[    0.000000]   Centaur CentaurHauls
[    0.000000] x86/fpu: Supporting XSAVE feature 0x001: 'x87 floating point registers'
[    0.000000] x86/fpu: Supporting XSAVE feature 0x002: 'SSE registers'
[    0.000000] x86/fpu: Supporting XSAVE feature 0x004: 'AVX registers'
[    0.000000] x86/fpu: xstate_offset[2]:  576, xstate_sizes[2]:  256
[    0.000000] x86/fpu: Enabled xstate features 0x7, context size is 832 bytes, using 'standard' format.
[    0.000000] e820: BIOS-provided physical RAM map:
[    0.000000] BIOS-e820: [mem 0x0000000000000000-0x000000000009fbff] usable
[    0.000000] BIOS-e820: [mem 0x000000000009fc00-0x000000000009ffff] reserved
[    0.000000] BIOS-e820: [mem 0x00000000000f0000-0x00000000000fffff] reserved
[    0.000000] BIOS-e820: [mem 0x0000000000100000-0x000000003ffeffff] usable
[    0.000000] BIOS-e820: [mem 0x000000003fff0000-0x000000003fffffff] ACPI data
[    0.000000] BIOS-e820: [mem 0x00000000fec00000-0x00000000fec00fff] reserved
[    0.000000] BIOS-e820: [mem 0x00000000fee00000-0x00000000fee00fff] reserved
[    0.000000] BIOS-e820: [mem 0x00000000fffc0000-0x00000000ffffffff] reserved
[    0.000000] NX (Execute Disable) protection: active
[    0.000000] SMBIOS 2.5 present.
[    0.000000] DMI: innotek GmbH VirtualBox/VirtualBox, BIOS VirtualBox 12/01/2006
[    0.000000] Hypervisor detected: KVM
[    0.000000] e820: last_pfn = 0x3fff0 max_arch_pfn = 0x400000000
[    0.000000] MTRR: Disabled
[    0.000000] x86/PAT: MTRRs disabled, skipping PAT initialization too.
[    0.000000] CPU MTRRs all blank - virtualized system.
[    0.000000] x86/PAT: Configuration [0-7]: WB  WT  UC- UC  WB  WT  UC- UC  
[    0.000000] found SMP MP-table at [mem 0x0009fff0-0x0009ffff]
[    0.000000] Scanning 1 areas for low memory corruption
[    0.000000] RAMDISK: [mem 0x359cb000-0x36cdcfff]
[    0.000000] ACPI: Early table checksum verification disabled
[    0.000000] ACPI: RSDP 0x00000000000E0000 000024 (v02 VBOX  )
[    0.000000] ACPI: XSDT 0x000000003FFF0030 00003C (v01 VBOX   VBOXXSDT 00000001 ASL  00000061)
[    0.000000] ACPI: FACP 0x000000003FFF00F0 0000F4 (v04 VBOX   VBOXFACP 00000001 ASL  00000061)
[    0.000000] ACPI: DSDT 0x000000003FFF0610 002353 (v02 VBOX   VBOXBIOS 00000002 INTL 20100528)
[    0.000000] ACPI: FACS 0x000000003FFF0200 000040
[    0.000000] ACPI: FACS 0x000000003FFF0200 000040
[    0.000000] ACPI: APIC 0x000000003FFF0240 00005C (v02 VBOX   VBOXAPIC 00000001 ASL  00000061)
[    0.000000] ACPI: SSDT 0x000000003FFF02A0 00036C (v01 VBOX   VBOXCPUT 00000002 INTL 20100528)
[    0.000000] ACPI: Reserving FACP table memory at [mem 0x3fff00f0-0x3fff01e3]
[    0.000000] ACPI: Reserving DSDT table memory at [mem 0x3fff0610-0x3fff2962]
[    0.000000] ACPI: Reserving FACS table memory at [mem 0x3fff0200-0x3fff023f]
[    0.000000] ACPI: Reserving FACS table memory at [mem 0x3fff0200-0x3fff023f]
[    0.000000] ACPI: Reserving APIC table memory at [mem 0x3fff0240-0x3fff029b]
[    0.000000] ACPI: Reserving SSDT table memory at [mem 0x3fff02a0-0x3fff060b]
[    0.000000] No NUMA configuration found
[    0.000000] Faking a node at [mem 0x0000000000000000-0x000000003ffeffff]
[    0.000000] NODE_DATA(0) allocated [mem 0x3ffc5000-0x3ffeffff]
[    0.000000] kvm-clock: cpu 0, msr 0:3ff44001, primary cpu clock
[    0.000000] kvm-clock: Using msrs 4b564d01 and 4b564d00
[    0.000000] kvm-clock: using sched offset of 3279240898 cycles
[    0.000000] clocksource: kvm-clock: mask: 0xffffffffffffffff max_cycles: 0x1cd42e4dffb, max_idle_ns: 881590591483 ns
[    0.000000] Zone ranges:
[    0.000000]   DMA      [mem 0x0000000000001000-0x0000000000ffffff]
[    0.000000]   DMA32    [mem 0x0000000001000000-0x000000003ffeffff]
[    0.000000]   Normal   empty
[    0.000000]   Device   empty
[    0.000000] Movable zone start for each node
[    0.000000] Early memory node ranges
[    0.000000]   node   0: [mem 0x0000000000001000-0x000000000009efff]
[    0.000000]   node   0: [mem 0x0000000000100000-0x000000003ffeffff]
[    0.000000] Reserved but unavailable: 104 pages
[    0.000000] Initmem setup node 0 [mem 0x0000000000001000-0x000000003ffeffff]
[    0.000000] ACPI: PM-Timer IO Port: 0x4008
[    0.000000] IOAPIC[0]: apic_id 2, version 32, address 0xfec00000, GSI 0-23
[    0.000000] ACPI: INT_SRC_OVR (bus 0 bus_irq 0 global_irq 2 dfl dfl)
[    0.000000] ACPI: INT_SRC_OVR (bus 0 bus_irq 9 global_irq 9 low level)
[    0.000000] Using ACPI (MADT) for SMP configuration information
[    0.000000] smpboot: Allowing 2 CPUs, 0 hotplug CPUs
[    0.000000] PM: Registered nosave memory: [mem 0x00000000-0x00000fff]
[    0.000000] PM: Registered nosave memory: [mem 0x0009f000-0x0009ffff]
[    0.000000] PM: Registered nosave memory: [mem 0x000a0000-0x000effff]
[    0.000000] PM: Registered nosave memory: [mem 0x000f0000-0x000fffff]
[    0.000000] e820: [mem 0x40000000-0xfebfffff] available for PCI devices
[    0.000000] Booting paravirtualized kernel on KVM
[    0.000000] clocksource: refined-jiffies: mask: 0xffffffff max_cycles: 0xffffffff, max_idle_ns: 7645519600211568 ns
[    0.000000] setup_percpu: NR_CPUS:8192 nr_cpumask_bits:2 nr_cpu_ids:2 nr_node_ids:1
[    0.000000] percpu: Embedded 50 pages/cpu s167936 r8192 d28672 u1048576
[    0.000000] PV qspinlock hash table entries: 256 (order: 0, 4096 bytes)
[    0.000000] Built 1 zonelists, mobility grouping on.  Total pages: 257913
[    0.000000] Policy zone: DMA32
[    0.000000] Kernel command line: BOOT_IMAGE=/boot/vmlinuz-4.15.0-212-generic root=LABEL=cloudimg-rootfs ro console=tty1 console=ttyS0
[    0.000000] Memory: 982644K/1048120K available (12300K kernel code, 2477K rwdata, 4324K rodata, 2480K init, 2720K bss, 65476K reserved, 0K cma-reserved)
[    0.000000] SLUB: HWalign=64, Order=0-3, MinObjects=0, CPUs=2, Nodes=1
[    0.000000] ftrace: allocating 39508 entries in 155 pages
[    0.004000] Hierarchical RCU implementation.
[    0.004000] 	RCU restricting CPUs from NR_CPUS=8192 to nr_cpu_ids=2.
[    0.004000] 	Tasks RCU enabled.
[    0.004000] RCU: Adjusting geometry for rcu_fanout_leaf=16, nr_cpu_ids=2
[    0.004000] NR_IRQS: 524544, nr_irqs: 440, preallocated irqs: 16
[    0.004000] random: crng init done
[    0.004000] Console: colour VGA+ 80x25
[    0.004000] console [tty1] enabled
[    0.004000] console [ttyS0] enabled
[    0.004000] ACPI: Core revision 20170831
[    0.004000] ACPI: 2 ACPI AML tables successfully acquired and loaded
[    0.004000] APIC: Switch to symmetric I/O mode setup
[    0.004000] x2apic enabled
[    0.004000] Switched APIC routing to physical x2apic.
[    0.004000] ..TIMER: vector=0x30 apic1=0 pin1=2 apic2=-1 pin2=-1
[    0.004004] tsc: Detected 2592.006 MHz processor
[    0.004714] Calibrating delay loop (skipped) preset value.. 5184.01 BogoMIPS (lpj=10368024)
[    0.005302] pid_max: default: 32768 minimum: 301
[    0.006037] Security Framework initialized
[    0.006665] Yama: becoming mindful.
[    0.008020] AppArmor: AppArmor initialized
[    0.011462] Dentry cache hash table entries: 131072 (order: 8, 1048576 bytes)
[    0.012066] Inode-cache hash table entries: 65536 (order: 7, 524288 bytes)
[    0.013086] Mount-cache hash table entries: 2048 (order: 2, 16384 bytes)
[    0.014057] Mountpoint-cache hash table entries: 2048 (order: 2, 16384 bytes)
[    0.015319] Last level iTLB entries: 4KB 64, 2MB 8, 4MB 8
[    0.016002] Last level dTLB entries: 4KB 64, 2MB 0, 4MB 0, 1GB 4
[    0.016881] Spectre V1 : Mitigation: usercopy/swapgs barriers and __user pointer sanitization
[    0.018189] Spectre V2 : Mitigation: Retpolines
[    0.018884] Spectre V2 : Spectre v2 / SpectreRSB mitigation: Filling RSB on context switch
[    0.020002] Spectre V2 : Spectre v2 / SpectreRSB : Filling RSB on VMEXIT
[    0.021098] RETBleed: WARNING: Spectre v2 mitigation leaves CPU vulnerable to RETBleed attacks, data leaks possible!
[    0.023126] RETBleed: Vulnerable
[    0.024003] Speculative Store Bypass: Vulnerable
[    0.024744] MMIO Stale Data: Mitigation: Clear CPU buffers
[    0.025550] SRBDS: Unknown: Dependent on hypervisor status
[    0.026512] Freeing SMP alternatives memory: 36K
[    0.137540] smpboot: CPU0: Intel(R) Core(TM) i3-10110U CPU @ 2.10GHz (family: 0x6, model: 0x8e, stepping: 0xc)
[    0.139491] Performance Events: unsupported p6 CPU model 142 no PMU driver, software events only.
[    0.140000] Hierarchical SRCU implementation.
[    0.140804] NMI watchdog: Perf event create on CPU 0 failed with -2
[    0.142663] NMI watchdog: Perf NMI watchdog permanently disabled
[    0.144097] smp: Bringing up secondary CPUs ...
[    0.145404] x86: Booting SMP configuration:
[    0.146320] .... node  #0, CPUs:      #1
[    0.004000] kvm-clock: cpu 1, msr 0:3ff44041, secondary cpu clock
[    0.151147] smp: Brought up 1 node, 2 CPUs
[    0.152008] smpboot: Max logical packages: 1
[    0.152816] smpboot: Total of 2 processors activated (10368.02 BogoMIPS)
[    0.154429] devtmpfs: initialized
[    0.154429] x86/mm: Memory block size: 128MB
[    0.156194] evm: security.selinux
[    0.156931] evm: security.SMACK64
[    0.157638] evm: security.SMACK64EXEC
[    0.158419] evm: security.SMACK64TRANSMUTE
[    0.160004] evm: security.SMACK64MMAP
[    0.160970] evm: security.apparmor
[    0.161747] evm: security.ima
[    0.162492] evm: security.capability
[    0.164159] clocksource: jiffies: mask: 0xffffffff max_cycles: 0xffffffff, max_idle_ns: 7645041785100000 ns
[    0.166297] futex hash table entries: 512 (order: 3, 32768 bytes)
[    0.167733] pinctrl core: initialized pinctrl subsystem
[    0.169600] RTC time:  6:22:37, date: 06/11/24
[    0.170956] NET: Registered protocol family 16
[    0.172112] audit: initializing netlink subsys (disabled)
[    0.173419] audit: type=2000 audit(1718086962.114:1): state=initialized audit_enabled=0 res=1
[    0.176015] cpuidle: using governor ladder
[    0.176903] cpuidle: using governor menu
[    0.177891] ACPI: bus type PCI registered
[    0.178786] acpiphp: ACPI Hot Plug PCI Controller Driver version: 0.5
[    0.180128] PCI: Using configuration type 1 for base access
[    0.184054] HugeTLB registered 2.00 MiB page size, pre-allocated 0 pages
[    0.185552] ACPI: Added _OSI(Module Device)
[    0.185552] ACPI: Added _OSI(Processor Device)
[    0.185907] ACPI: Added _OSI(3.0 _SCP Extensions)
[    0.188007] ACPI: Added _OSI(Processor Aggregator Device)
[    0.189224] ACPI: Added _OSI(Linux-Dell-Video)
[    0.190281] ACPI: Added _OSI(Linux-Lenovo-NV-HDMI-Audio)
[    0.192015] ACPI: Added _OSI(Linux-HPI-Hybrid-Graphics)
[    0.193451] ACPI: Executed 1 blocks of module-level executable AML code
[    0.198667] ACPI: Interpreter enabled
[    0.199583] ACPI: (supports S0 S5)
[    0.200007] ACPI: Using IOAPIC for interrupt routing
[    0.201400] PCI: Using host bridge windows from ACPI; if necessary, use "pci=nocrs" and report a bug
[    0.203700] ACPI: Enabled 2 GPEs in block 00 to 07
[    0.214115] ACPI: PCI Root Bridge [PCI0] (domain 0000 [bus 00-ff])
[    0.216019] acpi PNP0A03:00: _OSC: OS supports [ASPM ClockPM Segments MSI]
[    0.218356] acpi PNP0A03:00: _OSC: not requesting OS control; OS requires [ExtendedConfig ASPM ClockPM MSI]
[    0.220025] acpi PNP0A03:00: fail to add MMCONFIG information, can't access extended PCI configuration space under this bridge.
[    0.224614] PCI host bridge to bus 0000:00
[    0.225925] pci_bus 0000:00: root bus resource [io  0x0000-0x0cf7 window]
[    0.228011] pci_bus 0000:00: root bus resource [io  0x0d00-0xffff window]
[    0.230180] pci_bus 0000:00: root bus resource [mem 0x000a0000-0x000bffff window]
[    0.232014] pci_bus 0000:00: root bus resource [mem 0x40000000-0xfdffffff window]
[    0.233776] pci_bus 0000:00: root bus resource [bus 00-ff]
[    0.237334] pci 0000:00:01.1: legacy IDE quirk: reg 0x10: [io  0x01f0-0x01f7]
[    0.238976] pci 0000:00:01.1: legacy IDE quirk: reg 0x14: [io  0x03f6]
[    0.240016] pci 0000:00:01.1: legacy IDE quirk: reg 0x18: [io  0x0170-0x0177]
[    0.244011] pci 0000:00:01.1: legacy IDE quirk: reg 0x1c: [io  0x0376]
[    0.274295] pci 0000:00:07.0: quirk: [io  0x4000-0x403f] claimed by PIIX4 ACPI
[    0.275914] pci 0000:00:07.0: quirk: [io  0x4100-0x410f] claimed by PIIX4 SMB
[    0.286398] ACPI: PCI Interrupt Link [LNKA] (IRQs 5 9 10 *11)
[    0.288445] ACPI: PCI Interrupt Link [LNKB] (IRQs 5 9 *10 11)
[    0.289837] ACPI: PCI Interrupt Link [LNKC] (IRQs 5 *9 10 11)
[    0.291212] ACPI: PCI Interrupt Link [LNKD] (IRQs 5 9 10 *11)
[    0.292584] SCSI subsystem initialized
[    0.293584] pci 0000:00:02.0: vgaarb: setting as boot VGA device
[    0.293584] pci 0000:00:02.0: vgaarb: VGA device added: decodes=io+mem,owns=io+mem,locks=none
[    0.296021] pci 0000:00:02.0: vgaarb: bridge control possible
[    0.297205] vgaarb: loaded
[    0.297849] ACPI: bus type USB registered
[    0.300043] usbcore: registered new interface driver usbfs
[    0.301194] usbcore: registered new interface driver hub
[    0.302237] usbcore: registered new device driver usb
[    0.303447] EDAC MC: Ver: 3.0.0
[    0.304249] PCI: Using ACPI for IRQ routing
[    0.305122] NetLabel: Initializing
[    0.305808] NetLabel:  domain hash size = 128
[    0.306771] NetLabel:  protocols = UNLABELED CIPSOv4 CALIPSO
[    0.308025] NetLabel:  unlabeled traffic allowed by default
[    0.309259] clocksource: Switched to clocksource kvm-clock
[    0.325225] VFS: Disk quotas dquot_6.6.0
[    0.325887] VFS: Dquot-cache hash table entries: 512 (order 0, 4096 bytes)
[    0.327328] AppArmor: AppArmor Filesystem Enabled
[    0.328206] pnp: PnP ACPI init
[    0.329833] pnp: PnP ACPI: found 3 devices
[    0.339450] clocksource: acpi_pm: mask: 0xffffff max_cycles: 0xffffff, max_idle_ns: 2085701024 ns
[    0.341620] NET: Registered protocol family 2
[    0.342537] IP idents hash table entries: 16384 (order: 5, 131072 bytes)
[    0.346031] TCP established hash table entries: 8192 (order: 4, 65536 bytes)
[    0.347595] TCP bind hash table entries: 8192 (order: 5, 131072 bytes)
[    0.348613] TCP: Hash tables configured (established 8192 bind 8192)
[    0.349643] UDP hash table entries: 512 (order: 2, 16384 bytes)
[    0.350532] UDP-Lite hash table entries: 512 (order: 2, 16384 bytes)
[    0.351544] NET: Registered protocol family 1
[    0.352293] pci 0000:00:00.0: Limiting direct PCI/PCI transfers
[    0.353194] pci 0000:00:01.0: Activating ISA DMA hang workarounds
[    0.354164] pci 0000:00:02.0: Video device with shadowed ROM at [mem 0x000c0000-0x000dffff]
[    0.355587] Unpacking initramfs...
[    0.744702] Freeing initrd memory: 19528K
[    0.745996] clocksource: tsc: mask: 0xffffffffffffffff max_cycles: 0x255cbc978bf, max_idle_ns: 440795251759 ns
[    0.748797] platform rtc_cmos: registered platform RTC device (no PNP device found)
[    0.750648] Scanning for low memory corruption every 60 seconds
[    0.752776] Initialise system trusted keyrings
[    0.753839] Key type blacklist registered
[    0.754873] workingset: timestamp_bits=36 max_order=18 bucket_order=0
[    0.757517] zbud: loaded
[    0.758805] squashfs: version 4.0 (2009/01/31) Phillip Lougher
[    0.760417] fuse init (API version 7.26)
[    0.763175] Key type asymmetric registered
[    0.764137] Asymmetric key parser 'x509' registered
[    0.765153] Block layer SCSI generic (bsg) driver version 0.4 loaded (major 246)
[    0.766696] io scheduler noop registered
[    0.767507] io scheduler deadline registered
[    0.768422] io scheduler cfq registered (default)
[    0.769654] ACPI: AC Adapter [AC] (on-line)
[    0.770573] input: Power Button as /devices/LNXSYSTM:00/LNXPWRBN:00/input/input0
[    0.772551] ACPI: Power Button [PWRF]
[    0.773358] input: Sleep Button as /devices/LNXSYSTM:00/LNXSLPBN:00/input/input1
[    0.774815] ACPI: Sleep Button [SLPF]
[    0.776555] ACPI: Battery Slot [BAT0] (battery present)
[    0.777729] Serial: 8250/16550 driver, 32 ports, IRQ sharing enabled
[    0.799902] 00:02: ttyS0 at I/O 0x3f8 (irq = 4, base_baud = 115200) is a 16550A
[    0.804604] Linux agpgart interface v0.103
[    0.809360] loop: module loaded
[    0.810563] scsi host0: ata_piix
[    0.811428] scsi host1: ata_piix
[    0.812180] ata1: PATA max UDMA/33 cmd 0x1f0 ctl 0x3f6 bmdma 0xd000 irq 14
[    0.813716] ata2: PATA max UDMA/33 cmd 0x170 ctl 0x376 bmdma 0xd008 irq 15
[    0.815335] tun: Universal TUN/TAP device driver, 1.6
[    0.816960] PPP generic driver version 2.4.2
[    0.818116] ehci_hcd: USB 2.0 'Enhanced' Host Controller (EHCI) Driver
[    0.819482] ehci-pci: EHCI PCI platform driver
[    0.820467] ehci-platform: EHCI generic platform driver
[    0.821780] ohci_hcd: USB 1.1 'Open' Host Controller (OHCI) Driver
[    0.823000] ohci-pci: OHCI PCI platform driver
[    0.824082] ohci-platform: OHCI generic platform driver
[    0.825269] uhci_hcd: USB Universal Host Controller Interface driver
[    0.826596] i8042: PNP: PS/2 Controller [PNP0303:PS2K,PNP0f03:PS2M] at 0x60,0x64 irq 1,12
[    0.828955] serio: i8042 KBD port at 0x60,0x64 irq 1
[    0.830595] serio: i8042 AUX port at 0x60,0x64 irq 12
[    0.831986] mousedev: PS/2 mouse device common for all mice
[    0.834228] input: AT Translated Set 2 keyboard as /devices/platform/i8042/serio0/input/input2
[    0.836325] rtc_cmos rtc_cmos: rtc core: registered rtc_cmos as rtc0
[    0.837795] rtc_cmos rtc_cmos: alarms up to one day, 114 bytes nvram
[    0.839046] i2c /dev entries driver
[    0.839658] device-mapper: uevent: version 1.0.3
[    0.840520] device-mapper: ioctl: 4.37.0-ioctl (2017-09-20) initialised: dm-devel@redhat.com
[    0.842129] ledtrig-cpu: registered to indicate activity on CPUs
[    0.843743] NET: Registered protocol family 10
[    0.847866] Segment Routing with IPv6
[    0.848655] NET: Registered protocol family 17
[    0.849446] Key type dns_resolver registered
[    0.850274] mce: Using 0 MCE banks
[    0.851038] RAS: Correctable Errors collector initialized.
[    0.852147] sched_clock: Marking stable (850251307, 0)->(1008236361, -157985054)
[    0.854129] registered taskstats version 1
[    0.855057] Loading compiled-in X.509 certificates
[    0.858362] Loaded X.509 cert 'Build time autogenerated kernel key: b5b26778eaa3ab3a4a6cee031137706e947d12ad'
[    0.860743] Loaded X.509 cert 'Canonical Ltd. Live Patch Signing: 14df34d1a87cf37625abec039ef2bf521249b969'
[    0.863324] Loaded X.509 cert 'Canonical Ltd. Kernel Module Signing: 88f752e560a1e0737e31163a466ad7b70a850c19'
[    0.865410] blacklist: Loading compiled-in revocation X.509 certificates
[    0.867135] Loaded X.509 cert 'Canonical Ltd. Secure Boot Signing: 61482aa2830d0ab2ad5af10b7250da9033ddcef0'
[    0.869440] Loaded X.509 cert 'Canonical Ltd. Secure Boot Signing (2017): 242ade75ac4a15e50d50c84b0d45ff3eae707a03'
[    0.871697] Loaded X.509 cert 'Canonical Ltd. Secure Boot Signing (ESM 2018): 365188c1d374d6b07c3c8f240f8ef722433d6a8b'
[    0.874429] Loaded X.509 cert 'Canonical Ltd. Secure Boot Signing (2019): c0746fd6c5da3ae827864651ad66ae47fe24b3e8'
[    0.876614] Loaded X.509 cert 'Canonical Ltd. Secure Boot Signing (2021 v1): a8d54bbb3825cfb94fa13c9f8a594a195c107b8d'
[    0.878851] Loaded X.509 cert 'Canonical Ltd. Secure Boot Signing (2021 v2): 4cf046892d6fd3c9a5b03f98d845f90851dc6a8c'
[    0.880999] Loaded X.509 cert 'Canonical Ltd. Secure Boot Signing (2021 v3): 100437bb6de6e469b581e61cd66bce3ef4ed53af'
[    0.883233] Loaded X.509 cert 'Canonical Ltd. Secure Boot Signing (Ubuntu Core 2019): c1d57b8f6b743f23ee41f4f7ee292f06eecadfb9'
[    0.885390] zswap: loaded using pool lzo/zbud
[    0.888985] Key type big_key registered
[    0.889850] Key type trusted registered
[    0.892150] Key type encrypted registered
[    0.892772] AppArmor: AppArmor sha1 policy hashing enabled
[    0.893588] ima: No TPM chip found, activating TPM-bypass! (rc=-19)
[    0.894503] ima: Allocated hash algorithm: sha1
[    0.895192] evm: HMAC attrs: 0x1
[    0.895910]   Magic number: 12:283:367
[    0.896951] rtc_cmos rtc_cmos: setting system clock to 2024-06-11 06:22:38 UTC (1718086958)
[    0.898781] BIOS EDD facility v0.16 2004-Jun-25, 0 devices found
[    0.900096] EDD information not available.
[    0.999513] Freeing unused kernel image memory: 2480K
[    1.012846] Write protecting the kernel read-only data: 20480k
[    1.014711] Freeing unused kernel image memory: 2008K
[    1.015891] Freeing unused kernel image memory: 1820K
[    1.025466] x86/mm: Checked W+X mappings: passed, no W+X pages found.
Loading, please wait...
starting version 237
[    1.108043] Fusion MPT base driver 3.04.20
[    1.109436] Copyright (c) 1999-2008 LSI Corporation
[    1.123545] e1000: Intel(R) PRO/1000 Network Driver - version 7.3.21-k8-NAPI
[    1.125279] e1000: Copyright (c) 1999-2006 Intel Corporation.
[    1.134971] AVX2 version of gcm_enc/dec engaged.
[    1.136145] AES CTR mode by8 optimization enabled
[    1.141041] Fusion MPT SPI Host driver 3.04.20
[    1.315298] input: ImExPS/2 Generic Explorer Mouse as /devices/platform/i8042/serio1/input/input4
[    1.545782] e1000 0000:00:03.0 eth0: (PCI:33MHz:32-bit) 02:3b:7b:b7:3b:2d
[    1.547793] e1000 0000:00:03.0 eth0: Intel(R) PRO/1000 Network Connection
[    1.550480] mptbase: ioc0: Initiating bringup
[    1.550516] e1000 0000:00:03.0 enp0s3: renamed from eth0
[    1.808655] ioc0: LSI53C1030 A0: Capabilities={Initiator}
[    4.086888] scsi host2: ioc0: LSI53C1030 A0, FwRev=00000000h, Ports=1, MaxQ=256, IRQ=20
[    5.185789] scsi 2:0:0:0: Direct-Access     VBOX     HARDDISK         1.0  PQ: 0 ANSI: 5
[    5.524175] scsi target2:0:0: Beginning Domain Validation
[    5.529636] scsi target2:0:0: Domain Validation skipping write tests
[    5.532877] scsi target2:0:0: Ending Domain Validation
[    5.535244] scsi target2:0:0: asynchronous
[    5.537624] scsi 2:0:1:0: Direct-Access     VBOX     HARDDISK         1.0  PQ: 0 ANSI: 5
[    5.775435] scsi target2:0:1: Beginning Domain Validation
[    5.777813] scsi target2:0:1: Domain Validation skipping write tests
[    5.779304] scsi target2:0:1: Ending Domain Validation
[    5.780212] scsi target2:0:1: asynchronous
[    5.784735] sd 2:0:0:0: Attached scsi generic sg0 type 0
[    5.786065] sd 2:0:1:0: Attached scsi generic sg1 type 0
[    5.786125] sd 2:0:0:0: [sda] 83886080 512-byte logical blocks: (42.9 GB/40.0 GiB)
[    5.789199] sd 2:0:1:0: [sdb] 20480 512-byte logical blocks: (10.5 MB/10.0 MiB)
[    5.790694] sd 2:0:0:0: [sda] Write Protect is off
[    5.791883] sd 2:0:1:0: [sdb] Write Protect is off
[    5.793201] sd 2:0:0:0: [sda] Incomplete mode parameter data
[    5.793215] sd 2:0:1:0: [sdb] Incomplete mode parameter data
[    5.796442] sd 2:0:0:0: [sda] Assuming drive cache: write through
[    5.803511] sd 2:0:1:0: [sdb] Assuming drive cache: write through
[    5.808463]  sda: sda1
[    5.809700] sd 2:0:0:0: [sda] Attached SCSI disk
[    5.812228] sd 2:0:1:0: [sdb] Attached SCSI disk
Begin: Loading essential drivers ... [    7.312077] raid6: sse2x1   gen()  8103 MB/s
[    7.372140] raid6: sse2x1   xor()  7505 MB/s
[    7.428364] raid6: sse2x2   gen() 14436 MB/s
[    7.480350] raid6: sse2x2   xor()  9164 MB/s
[    7.539821] raid6: sse2x4   gen() 17391 MB/s
[    7.588106] raid6: sse2x4   xor()  6807 MB/s
[    7.636088] raid6: avx2x1   gen() 15954 MB/s
[    7.699179] raid6: avx2x1   xor()  9641 MB/s
[    7.758358] raid6: avx2x2   gen() 26894 MB/s
[    7.806355] raid6: avx2x2   xor() 18575 MB/s
[    7.855815] raid6: avx2x4   gen() 30837 MB/s
[    7.906272] raid6: avx2x4   xor() 15301 MB/s
[    7.907390] raid6: using algorithm avx2x4 gen() 30837 MB/s
[    7.908814] raid6: .... xor() 15301 MB/s, rmw enabled
[    7.910062] raid6: using avx2x2 recovery algorithm
[    7.912180] xor: automatically using best checksumming function   avx       
[    7.914304] async_tx: api initialized (async)
done.
Begin: Running /scripts/init-premount ... done.
Begin: Mounting root file system ... Begin: Running /scripts/local-top ... done.
Begin: Running /scripts/local-premount ... [    7.961045] Btrfs loaded, crc32c=crc32c-intel
Scanning for Btrfs filesystems
done.
Warning: fsck not present, so skipping root file system
[    8.017892] EXT4-fs (sda1): mounted filesystem with ordered data mode. Opts: (null)
done.
Begin: Running /scripts/local-bottom ... done.
Begin: Running /scripts/init-bottom ... done.
[    8.185201] ip_tables: (C) 2000-2006 Netfilter Core Team
[    8.194210] systemd[1]: systemd 237 running in system mode. (+PAM +AUDIT +SELINUX +IMA +APPARMOR +SMACK +SYSVINIT +UTMP +LIBCRYPTSETUP +GCRYPT +GNUTLS +ACL +XZ +LZ4 +SECCOMP +BLKID +ELFUTILS +KMOD -IDN2 +IDN -PCRE2 default-hierarchy=hybrid)
[    8.197688] systemd[1]: Detected virtualization oracle.
[    8.198582] systemd[1]: Detected architecture x86-64.

Welcome to [1mUbuntu 18.04.6 LTS[0m!

[    8.204337] systemd[1]: Set hostname to <ubuntu>.
[    8.207752] systemd[1]: Initializing machine ID from random generator.
[    8.209195] systemd[1]: Installed transient /etc/machine-id file.
[    8.462153] systemd[1]: Started Forward Password Requests to Wall Directory Watch.
[[0;32m  OK  [0m] Started Forward Password Requests to Wall Directory Watch.
[    8.464446] systemd[1]: Reached target User and Group Name Lookups.
[[0;32m  OK  [0m] Reached target User and Group Name Lookups.
[    8.466251] systemd[1]: Set up automount Arbitrary Executable File Formats File System Automount Point.
[[0;32m  OK  [0m] Set up automount Arbitrary Executab…rmats File System Automount Point.
[    8.468629] systemd[1]: Reached target System Time Synchronized.
[[0;32m  OK  [0m] Reached target System Time Synchronized.
[[0;32m  OK  [0m] Created slice System Slice.
[[0;32m  OK  [0m] Listening on udev Kernel Socket.
[[0;32m  OK  [0m] Listening on udev Control Socket.
[[0;32m  OK  [0m] Listening on Syslog Socket.
[[0;32m  OK  [0m] Listening on Journal Socket.
         Starting Create list of required st…ce nodes for the current kernel...
         Mounting POSIX Message Queue File System...
[[0;32m  OK  [0m] Listening on Network Service Netlink Socket.
         Starting Set the console keyboard layout...
[[0;32m  OK  [0m] Listening on LVM2 poll daemon socket.
[[0;32m  OK  [0m] Reached target Swap.
         Mounting Kernel Debug File System...
[[0;32m  OK  [0m] Listening on Device-mapper event daemon FIFOs.
[[0;32m  OK  [0m] Listening on Journal Socket (/dev/log).
         Starting Uncomplicated firewall...
[[0;32m  OK  [0m] Created slice User and Session Slice.
[[0;32m  OK  [0m] Reached target Slices.
[[0;32m  OK  [0m] Listening on /dev/initctl Compatibility Named Pipe.
         Starting Load Kernel Modules...
[[0;32m  OK  [0m] Listening on fsck to fsckd communication Socket.
         Starting File System Check on Root Device...
[[0;32m  OK  [0m] Listening on Journal Audit Socket.
         Starting Journal Service...
         Starting udev Coldplug all Devices...
[[0;32m  OK  [0m] Created slice system-serial\x2dgetty.slice.
[[0;32m  OK  [0m] Reached target Mounting snaps.
[[0;32m  OK  [0m] Reached target Mounted snaps.
[[0;32m  OK  [0m] Listening on LVM2 metadata daemon socket.
         Starting Monitoring of LVM2 mirrors…ng dmeventd or progress polling...
         Mounting Huge Pages File System...
[[0;32m  OK  [0m] Started Create list of required sta…vice nodes for the current kernel.
[[0;32m  OK  [0m] Mounted POSIX Message Queue File System.
[[0;32m  OK  [0m] Mounted Kernel Debug File System.
[[0;32m  OK  [0m] Started Uncomplicated firewall.
[    8.527754] Loading iSCSI transport class v2.0-870.
[[0;32m  OK  [0m] Mounted Huge Pages File System.
         Starting Create Static Device Nodes in /dev...
[    8.534207] iscsi: registered transport (tcp)
[    8.546657] iscsi: registered transport (iser)
[[0;32m  OK  [0m] Started Load Kernel Modules.
         Mounting FUSE Control File System...
         Mounting Kernel Configuration File System...
         Starting Apply Kernel Variables...
[[0;32m  OK  [0m] Mounted FUSE Control File System.
[[0;32m  OK  [0m] Mounted Kernel Configuration File System.
[[0;32m  OK  [0m] Started File System Check Daemon to report status.
[[0;32m  OK  [0m] Started Journal Service.
[[0;32m  OK  [0m] Started LVM2 metadata daemon.
[[0;32m  OK  [0m] Started udev Coldplug all Devices.
[[0;32m  OK  [0m] Started Create Static Device Nodes in /dev.
[[0;32m  OK  [0m] Started Apply Kernel Variables.
[[0;32m  OK  [0m] Started File System Check on Root Device.
[[0;32m  OK  [0m] Started Monitoring of LVM2 mirrors,…sing dmeventd or progress polling.
         Starting Remount Root and Kernel File Systems...
[[0;32m  OK  [0m] Started Remount Root and Kernel File Systems.
         Starting udev Kernel Device Manager...
         Starting Flush Journal to Persistent Storage...
         Starting Load/Save Random Seed...
[[0;32m  OK  [0m] Started Load/Save Random Seed.
[[0;32m  OK  [0m] Started udev Kernel Device Manager.
[[0;32m  OK  [0m] Started Flush Journal to Persistent Storage.
[[0;32m  OK  [0m] Found device /dev/ttyS0.
[[0;32m  OK  [0m] Listening on Load/Save RF Kill Switch Status /dev/rfkill Watch.
         Mounting Arbitrary Executable File Formats File System...
[[0;32m  OK  [0m] Mounted Arbitrary Executable File Formats File System.
[[0;32m  OK  [0m] Started Set the console keyboard layout.
[[0;32m  OK  [0m] Started Dispatch Password Requests to Console Directory Watch.
[[0;32m  OK  [0m] Reached target Local Encrypted Volumes.
[[0;32m  OK  [0m] Reached target Local File Systems (Pre).
[[0;32m  OK  [0m] Reached target Local File Systems.
         Starting ebtables ruleset management...
         Starting Commit a transient machine-id on disk...
         Starting Create Volatile Files and Directories...
         Starting Tell Plymouth To Write Out Runtime Data...
         Starting AppArmor initialization...
         Starting Set console font and keymap...
[[0;32m  OK  [0m] Started Tell Plymouth To Write Out Runtime Data.
[[0;32m  OK  [0m] Started Create Volatile Files and Directories.
         Starting Update UTMP about System Boot/Shutdown...
[[0;32m  OK  [0m] Started Update UTMP about System Boot/Shutdown.
[[0;32m  OK  [0m] Started Commit a transient machine-id on disk.
[[0;32m  OK  [0m] Started ebtables ruleset management.
[[0;32m  OK  [0m] Started AppArmor initialization.
         Starting Load AppArmor profiles managed internally by snapd...
         Starting Initial cloud-init job (pre-networking)...
[[0;32m  OK  [0m] Started Load AppArmor profiles managed internally by snapd.
[[0;32m  OK  [0m] Started Set console font and keymap.
[   12.388864] cloud-init[827]: Cloud-init v. 23.1.2-0ubuntu0~18.04.1 running 'init-local' at Tue, 11 Jun 2024 06:22:49 +0000. Up 12.04 seconds.
[[0;32m  OK  [0m] Started Initial cloud-init job (pre-networking).
[[0;32m  OK  [0m] Reached target Network (Pre).
         Starting Network Service...
[[0;32m  OK  [0m] Started Network Service.
         Starting Network Name Resolution...
         Starting Wait for Network to be Configured...
[[0;32m  OK  [0m] Started Network Name Resolution.
[[0;32m  OK  [0m] Reached target Host and Network Name Lookups.
[[0;32m  OK  [0m] Reached target Network.
[[0;32m  OK  [0m] Started Wait for Network to be Configured.
         Starting Initial cloud-init job (metadata service crawler)...
[   14.557641] cloud-init[987]: Cloud-init v. 23.1.2-0ubuntu0~18.04.1 running 'init' at Tue, 11 Jun 2024 06:22:52 +0000. Up 14.40 seconds.
[   14.559356] cloud-init[987]: ci-info: ++++++++++++++++++++++++++++++++++++++Net device info++++++++++++++++++++++++++++++++++++++
[   14.561015] cloud-init[987]: ci-info: +--------+------+----------------------------+---------------+--------+-------------------+
[   14.564146] cloud-init[987]: ci-info: | Device |  Up  |          Address           |      Mask     | Scope  |     Hw-Address    |
[   14.567010] cloud-init[987]: ci-info: +--------+------+----------------------------+---------------+--------+-------------------+
[   14.580405] cloud-init[987]: ci-info: | enp0s3 | True |         10.0.2.15          | 255.255.255.0 | global | 02:3b:7b:b7:3b:2d |
[   14.581854] cloud-init[987]: ci-info: | enp0s3 | True | fe80::3b:7bff:feb7:3b2d/64 |       .       |  link  | 02:3b:7b:b7:3b:2d |
[   14.583606] cloud-init[987]: ci-info: |   lo   | True |         127.0.0.1          |   255.0.0.0   |  host  |         .         |
[   14.585400] cloud-init[987]: ci-info: |   lo   | True |          ::1/128           |       .       |  host  |         .         |
[   14.587383] cloud-init[987]: ci-info: +--------+------+----------------------------+---------------+--------+-------------------+
[   14.600408] cloud-init[987]: ci-info: ++++++++++++++++++++++++++++Route IPv4 info+++++++++++++++++++++++++++++
[   14.602400] cloud-init[987]: ci-info: +-------+-------------+----------+-----------------+-----------+-------+
[   14.603999] cloud-init[987]: ci-info: | Route | Destination | Gateway  |     Genmask     | Interface | Flags |
[   14.605607] cloud-init[987]: ci-info: +-------+-------------+----------+-----------------+-----------+-------+
[   14.607253] cloud-init[987]: ci-info: |   0   |   0.0.0.0   | 10.0.2.2 |     0.0.0.0     |   enp0s3  |   UG  |
[   14.608734] cloud-init[987]: ci-info: |   1   |   10.0.2.0  | 0.0.0.0  |  255.255.255.0  |   enp0s3  |   U   |
[   14.610321] cloud-init[987]: ci-info: |   2   |   10.0.2.2  | 0.0.0.0  | 255.255.255.255 |   enp0s3  |   UH  |
[   14.611828] cloud-init[987]: ci-info: +-------+-------------+----------+-----------------+-----------+-------+
[   14.613300] cloud-init[987]: ci-info: +++++++++++++++++++Route IPv6 info+++++++++++++++++++
[   14.614690] cloud-init[987]: ci-info: +-------+-------------+---------+-----------+-------+
[   14.616009] cloud-init[987]: ci-info: | Route | Destination | Gateway | Interface | Flags |
[   14.617614] cloud-init[987]: ci-info: +-------+-------------+---------+-----------+-------+
[   14.630573] cloud-init[987]: ci-info: |   1   |  fe80::/64  |    ::   |   enp0s3  |   U   |
[   14.632224] cloud-init[987]: ci-info: |   3   |    local    |    ::   |   enp0s3  |   U   |
[   14.633582] cloud-init[987]: ci-info: |   4   |   ff00::/8  |    ::   |   enp0s3  |   U   |
[   14.634990] cloud-init[987]: ci-info: +-------+-------------+---------+-----------+-------+
[   15.390231] cloud-init[987]: Generating public/private rsa key pair.
[   15.391338] cloud-init[987]: Your identification has been saved in /etc/ssh/ssh_host_rsa_key.
[   15.392958] cloud-init[987]: Your public key has been saved in /etc/ssh/ssh_host_rsa_key.pub.
[   15.394286] cloud-init[987]: The key fingerprint is:
[   15.395408] cloud-init[987]: SHA256:yhLVYQN5If+kojM+Qd5rnEyyayjluTf83vSF76rKzq0 root@ubuntu-bionic
[   15.397103] cloud-init[987]: The key's randomart image is:
[   15.398122] cloud-init[987]: +---[RSA 2048]----+
[   15.399151] cloud-init[987]: |      oo=.       |
[   15.400497] cloud-init[987]: |      .=.o       |
[   15.401486] cloud-init[987]: |      ..o .      |
[   15.403185] cloud-init[987]: |    ..   +       |
[   15.404206] cloud-init[987]: |   o... S .      |
[   15.405204] cloud-init[987]: |  . ++oo   .     |
[   15.406177] cloud-init[987]: | o +=Boo. . .    |
[   15.407099] cloud-init[987]: |. +.B**+ . o     |
[   15.408143] cloud-init[987]: | ..+oOEo+.ooo    |
[   15.409249] cloud-init[987]: +----[SHA256]-----+
[   15.410404] cloud-init[987]: Generating public/private dsa key pair.
[   15.412182] cloud-init[987]: Your identification has been saved in /etc/ssh/ssh_host_dsa_key.
[   15.413963] cloud-init[987]: Your public key has been saved in /etc/ssh/ssh_host_dsa_key.pub.
[   15.415714] cloud-init[987]: The key fingerprint is:
[   15.417104] cloud-init[987]: SHA256:+aVayuF6XJ5DgiAhzJtGba8d9yhFimR3EI720krHeT0 root@ubuntu-bionic
[   15.418772] cloud-init[987]: The key's randomart image is:
[   15.419927] cloud-init[987]: +---[DSA 1024]----+
[   15.420940] cloud-init[987]: |o .  oo          |
[   15.421984] cloud-init[987]: |.+.=o. o         |
[   15.423079] cloud-init[987]: |..*++.+          |
[   15.424246] cloud-init[987]: | +o.=+.o..       |
[   15.425234] cloud-init[987]: |.  +oB+oSE  .    |
[   15.426116] cloud-init[987]: |  ..+oo..o+o     |
[   15.427492] cloud-init[987]: |   .  ...=+.     |
[   15.440649] cloud-init[987]: |       oo=+      |
[   15.441527] cloud-init[987]: |      .o=  .     |
[   15.442219] cloud-init[987]: +----[SHA256]-----+
[   15.442884] cloud-init[987]: Generating public/private ecdsa key pair.
[   15.443746] cloud-init[987]: Your identification has been saved in /etc/ssh/ssh_host_ecdsa_key.
[   15.445096] cloud-init[987]: Your public key has been saved in /etc/ssh/ssh_host_ecdsa_key.pub.
[   15.448383] cloud-init[987]: The key fingerprint is:
[   15.449536] cloud-init[987]: SHA256:nBYSMe0iBswn/MwzVdwxKCsmQc0egdw3QlojWbtBCq8 root@ubuntu-bionic
[   15.470125] cloud-init[987]: The key's randomart image is:
[[0;32m  OK  [0m[   15.471481] cloud-init[987]: +---[ECDSA 256]---+
[   15.471751] cloud-init[987]: |.*oOB.+=.oo.     |
[   15.472282] cloud-init[987]: | o@*Bo=o+ ..     |
[   15.472655] cloud-init[987]: |  +Xo=.=.        |
[   15.473453] cloud-init[987]: | .. %ooo.o       |
[   15.474551] cloud-init[987]: |E  +.= .S        |
[   15.475617] cloud-init[987]: |       .         |
[   15.477012] cloud-init[987]: |                 |
[   15.477689] cloud-init[987]: |                 |
[   15.478368] cloud-init[987]: |                 |
[   15.479357] cloud-init[987]: +----[SHA256]-----+
[   15.480913] cloud-init[987]: Generating public/private ed25519 key pair.
[   15.482227] cloud-init[987]: Your identification has been saved in /etc/ssh/ssh_host_ed25519_key.
[   15.483478] cloud-init[987]: Your public key has been saved in /etc/ssh/ssh_host_ed25519_key.pub.
[   15.483883] cloud-init[987]: The key fingerprint is:
[   15.484859] cloud-init[987]: SHA256:HlU2KoaDdS6JVx8h0sSI/H9F7C703ma3lIMrcAZaFb8 root@ubuntu-bionic
[   15.485271] cloud-init[987]: The key's randomart image is:
[   15.485656] cloud-init[987]: +--[ED25519 256]--+
[   15.485809] cloud-init[987]: |   . .o== o+=    |
[   15.485971] cloud-init[987]: |    o+.Boo *+.   |
[   15.486128] cloud-init[987]: |    o.* + =o .   |
[   15.487199] cloud-init[987]: |     ..+ =. o .  |
[   15.487628] cloud-init[987]: |       .S..+ E   |
[   15.488390] cloud-init[987]: |       o.oooo . .|
[   15.488934] cloud-init[987]: |        ..+o o + |
[   15.489525] cloud-init[987]: |           .. * o|
[   15.490112] cloud-init[987]: |            .+ o.|
[   15.490642] cloud-init[987]: +----[SHA256]-----+
] Started Initial cloud-init job (metadata service crawler).
[[0;32m  OK  [0m] Reached target Cloud-config availability.
[[0;32m  OK  [0m] Reached target System Initialization.
[[0;32m  OK  [0m] Listening on D-Bus System Message Bus Socket.
[[0;32m  OK  [0m] Listening on Open-iSCSI iscsid Socket.
[[0;32m  OK  [0m] Started ACPI Events Check.
[[0;32m  OK  [0m] Listening on ACPID Listen Socket.
[[0;32m  OK  [0m] Started Discard unused blocks once a week.
[[0;32m  OK  [0m] Started Ubuntu Advantage Timer for running repeated jobs.
         Starting LXD - unix socket.
[[0;32m  OK  [0m] Listening on UUID daemon activation socket.
[[0;32m  OK  [0m] Started Message of the Day.
[[0;32m  OK  [0m] Started Daily Cleanup of Temporary Directories.
[[0;32m  OK  [0m] Reached target Paths.
         Starting Socket activation for snappy daemon.
[[0;32m  OK  [0m] Started Daily apt download activities.
[[0;32m  OK  [0m] Listening on cloud-init hotplug hook socket.
[[0;32m  OK  [0m] Started Daily apt upgrade and clean activities.
[[0;32m  OK  [0m] Reached target Timers.
[[0;32m  OK  [0m] Reached target Network is Online.
         Starting Availability of block devices...
[[0;32m  OK  [0m] Reached target Remote File Systems (Pre).
[[0;32m  OK  [0m] Reached target Remote File Systems.
[[0;32m  OK  [0m] Listening on LXD - unix socket.
[[0;32m  OK  [0m] Listening on Socket activation for snappy daemon.
[[0;32m  OK  [0m] Started Availability of block devices.
[[0;32m  OK  [0m] Reached target Sockets.
[[0;32m  OK  [0m] Reached target Basic System.
[[0;32m  OK  [0m] Started D-Bus System Message Bus.
         Starting System Logging Service...
         Starting Dispatcher daemon for systemd-networkd...
         Starting Accounts Service...
         Starting Pollinate to seed the pseudo random number generator...
[[0;32m  OK  [0m] Started irqbalance daemon.
         Starting LSB: Record successful boot for GRUB...
[[0;32m  OK  [0m] Started Regular background program processing daemon.
[[0;32m  OK  [0m] Reached target Login Prompts (Pre).
[[0;32m  OK  [0m] Started FUSE filesystem for LXC.
         Starting Snap Daemon...
         Starting Login Service...
[[0;32m  OK  [0m] Started Deferred execution scheduler.
         Starting Permit User Sessions...
         Starting Virtualbox guest utils...
         Starting LSB: automatic crash report generation...
         Starting LXD - container startup/shutdown...
[[0;32m  OK  [0m] Started System Logging Service.
[[0;32m  OK  [0m] Started Permit User Sessions.
         Starting Terminate Plymouth Boot Screen...
         Starting Hold until boot process finishes up...
[[0;32m  OK  [0m] Started Hold until boot process finishes up.
         Starting Set console scheme...
[[0;32m  OK  [0m] Started Serial Getty on ttyS0.
[[0;32m  OK  [0m] Started Terminate Plymouth Boot Screen.
[[0;32m  OK  [0m] Started Login Service.
[[0;32m  OK  [0m] Started Unattended Upgrades Shutdown.
[[0;32m  OK  [0m] Started Set console scheme.
[[0;32m  OK  [0m] Created slice system-getty.slice.
[[0;32m  OK  [0m] Started Getty on tty1.
[[0;32m  OK  [0m] Reached target Login Prompts.
         Starting Authorization Manager...
[[0;32m  OK  [0m] Started LSB: automatic crash report generation.
[[0;32m  OK  [0m] Started LSB: Record successful boot for GRUB.
[[0;32m  OK  [0m] Started Authorization Manager.
[[0;32m  OK  [0m] Started Accounts Service.
[[0;32m  OK  [0m] Started Virtualbox guest utils.
[[0;32m  OK  [0m] Started LXD - container startup/shutdown.
[[0;32m  OK  [0m] Started Dispatcher daemon for systemd-networkd.
[[0;32m  OK  [0m] Started Snap Daemon.
         Starting Wait until snapd is fully seeded...
         Starting Time & Date Service...
[[0;32m  OK  [0m] Started Time & Date Service.
[[0;32m  OK  [0m] Started Pollinate to seed the pseudo random number generator.
         Starting OpenBSD Secure Shell server...
[[0;32m  OK  [0m] Started OpenBSD Secure Shell server.
[[0;32m  OK  [0m] Created slice User Slice of vagrant.
         Starting User Manager for UID 1000...
[[0;32m  OK  [0m] Started Session 1 of user vagrant.
[[0;32m  OK  [0m] Started User Manager for UID 1000.
[[0;32m  OK  [0m] Started Wait until snapd is fully seeded.
         Starting Apply the settings specified in cloud-config...
[   21.021650] cloud-init[1616]: Cloud-init v. 23.1.2-0ubuntu0~18.04.1 running 'modules:config' at Tue, 11 Jun 2024 06:22:58 +0000. Up 20.56 seconds.

Ubuntu 18.04.6 LTS ubuntu-bionic ttyS0

ubuntu-bionic login: ci-info: no authorized SSH keys fingerprints found for user ubuntu.
<14>Jun 11 06:22:59 cloud-init: #############################################################
<14>Jun 11 06:22:59 cloud-init: -----BEGIN SSH HOST KEY FINGERPRINTS-----
<14>Jun 11 06:22:59 cloud-init: 1024 SHA256:+aVayuF6XJ5DgiAhzJtGba8d9yhFimR3EI720krHeT0 root@ubuntu-bionic (DSA)
<14>Jun 11 06:22:59 cloud-init: 256 SHA256:nBYSMe0iBswn/MwzVdwxKCsmQc0egdw3QlojWbtBCq8 root@ubuntu-bionic (ECDSA)
<14>Jun 11 06:22:59 cloud-init: 256 SHA256:HlU2KoaDdS6JVx8h0sSI/H9F7C703ma3lIMrcAZaFb8 root@ubuntu-bionic (ED25519)
<14>Jun 11 06:22:59 cloud-init: 2048 SHA256:yhLVYQN5If+kojM+Qd5rnEyyayjluTf83vSF76rKzq0 root@ubuntu-bionic (RSA)
<14>Jun 11 06:22:59 cloud-init: -----END SSH HOST KEY FINGERPRINTS-----
<14>Jun 11 06:22:59 cloud-init: #############################################################
-----BEGIN SSH HOST KEY KEYS-----
ecdsa-sha2-nistp256 AAAAE2VjZHNhLXNoYTItbmlzdHAyNTYAAAAIbmlzdHAyNTYAAABBBNjH2aS+ImtvebbV14Q/Do+QpGpqgy+jRaDVbupF26dZWnfc2pUWXG/ItP9g8GQiDCfc7LtnuecE4ILFpEtBQSY= root@ubuntu-bionic
ssh-ed25519 AAAAC3NzaC1lZDI1NTE5AAAAIIvbdEKXSB2KgKv9y/B9KVRm3ggm7p7V2HkHe0gmjxC1 root@ubuntu-bionic
ssh-rsa AAAAB3NzaC1yc2EAAAADAQABAAABAQC+3m59vTnm3pB35BTTK8CnuZ1s/Sg0qBsxGCEi7oHNfW8K78ONAAt0KnI+Czm3DPS81+AkBfG/8+5Mi2JuLnfSgH7dCl7e8+IRylNe+CwBCvDQu6HdB7FMfkFy35u3SDIlDwnuq7+zDNZ135+OXM/p2QvWUBfXRNnVQ3i+96Lp/uHIuR72aJPKYgqLW965Or4Er7uQ5uDtKlQDSEtZO59kDyrJt94+l1r5tAtYqRyT3d99s0eYpXxlbnR51jO5IKgdGBUiIx5/SmisJgyCbnWO7axY20b36qT52gGpaUvf+q7KQRLj3t8HtIZBUL6Bl/16prLi3F+nb2bFG2kYBctl root@ubuntu-bionic
-----END SSH HOST KEY KEYS-----
[   21.909056] cloud-init[1746]: Cloud-init v. 23.1.2-0ubuntu0~18.04.1 running 'modules:final' at Tue, 11 Jun 2024 06:22:59 +0000. Up 21.65 seconds.
[   21.909170] cloud-init[1746]: Cloud-init v. 23.1.2-0ubuntu0~18.04.1 finished at Tue, 11 Jun 2024 06:22:59 +0000. Datasource DataSourceNoCloud [seed=/dev/sdb][dsmode=net].  Up 21.89 seconds
